[INFO] Scanning for projects...
[INFO] 
[INFO] --------------------< org.marzouki:product-service >--------------------
[INFO] Building product-service 0.0.1-SNAPSHOT
[INFO]   from pom.xml
[INFO] --------------------------------[ jar ]---------------------------------
[INFO] 
[INFO] >>> spring-boot:4.0.1:run (default-cli) > test-compile @ product-service >>>
[INFO] 
[INFO] --- resources:3.3.1:resources (default-resources) @ product-service ---
[INFO] Copying 1 resource from src\main\resources to target\classes
[INFO] Copying 0 resource from src\main\resources to target\classes
[INFO] 
[INFO] --- compiler:3.14.1:compile (default-compile) @ product-service ---
[INFO] Nothing to compile - all classes are up to date.
[INFO] 
[INFO] --- resources:3.3.1:testResources (default-testResources) @ product-service ---
[INFO] skip non existing resourceDirectory c:\Users\ASUS\Desktop\AzureBackup\Projet-securite-systeme-distribue\product-service\src\test\resources
[INFO] 
[INFO] --- compiler:3.14.1:testCompile (default-testCompile) @ product-service ---
[INFO] Nothing to compile - all classes are up to date.
[INFO] 
[INFO] <<< spring-boot:4.0.1:run (default-cli) < test-compile @ product-service <<<
[INFO] 
[INFO] 
[INFO] --- spring-boot:4.0.1:run (default-cli) @ product-service ---
[INFO] Attaching agents: []
Picked up JAVA_TOOL_OPTIONS: -Dstdout.encoding=UTF-8 -Dstderr.encoding=UTF-8

  .   ____          _            __ _ _
 /\\ / ___'_ __ _ _(_)_ __  __ _ \ \ \ \
( ( )\___ | '_ | '_| | '_ \/ _` | \ \ \ \
 \\/  ___)| |_)| | | | | || (_| |  ) ) ) )
  '  |____| .__|_| |_|_| |_\__, | / / / /
 =========|_|==============|___/=/_/_/_/

 :: Spring Boot ::                (v4.0.1)

2026-01-11T16:22:19.782+01:00  INFO 30464 --- [product-service] [           main] o.m.p.ProductServiceApplication          : Starting ProductServiceApplication using Java 21.0.9 with PID 30464 (C:\Users\ASUS\Desktop\AzureBackup\Projet-securite-systeme-distribue\product-service\target\classes started by ASUS in c:\Users\ASUS\Desktop\AzureBackup\Projet-securite-systeme-distribue\product-service)
2026-01-11T16:22:19.788+01:00 DEBUG 30464 --- [product-service] [           main] o.m.p.ProductServiceApplication          : Running with Spring Boot v4.0.1, Spring v7.0.2
2026-01-11T16:22:19.789+01:00  INFO 30464 --- [product-service] [           main] o.m.p.ProductServiceApplication          : No active profile set, falling back to 1 default profile: "default"
2026-01-11T16:22:19.891+01:00  INFO 30464 --- [product-service] [           main] o.s.c.c.c.ConfigServerConfigDataLoader   : Fetching config from server at : http://localhost:9999
2026-01-11T16:22:19.891+01:00  INFO 30464 --- [product-service] [           main] o.s.c.c.c.ConfigServerConfigDataLoader   : Exception on Url - http://localhost:9999:org.springframework.web.client.ResourceAccessException: I/O error on GET request for "http://localhost:9999/product-service/default": Connection refused: getsockopt. Will be trying the next url if available
2026-01-11T16:22:19.891+01:00  WARN 30464 --- [product-service] [           main] o.s.c.c.c.ConfigServerConfigDataLoader   : Could not locate PropertySource ([ConfigServerConfigDataResource@5a021cb9 uris = array<String>['http://localhost:9999'], optional = true, profiles = 'default']): I/O error on GET request for "http://localhost:9999/product-service/default": Connection refused: getsockopt
2026-01-11T16:22:19.895+01:00  INFO 30464 --- [product-service] [           main] o.s.c.c.c.ConfigServerConfigDataLoader   : Fetching config from server at : http://localhost:9999
2026-01-11T16:22:19.895+01:00  INFO 30464 --- [product-service] [           main] o.s.c.c.c.ConfigServerConfigDataLoader   : Exception on Url - http://localhost:9999:org.springframework.web.client.ResourceAccessException: I/O error on GET request for "http://localhost:9999/product-service/default": Connection refused: getsockopt. Will be trying the next url if available
2026-01-11T16:22:19.895+01:00  WARN 30464 --- [product-service] [           main] o.s.c.c.c.ConfigServerConfigDataLoader   : Could not locate PropertySource ([ConfigServerConfigDataResource@327120c8 uris = array<String>['http://localhost:9999'], optional = true, profiles = 'default']): I/O error on GET request for "http://localhost:9999/product-service/default": Connection refused: getsockopt
2026-01-11T16:22:19.895+01:00  INFO 30464 --- [product-service] [           main] o.s.c.c.c.ConfigServerConfigDataLoader   : Fetching config from server at : http://localhost:9999
2026-01-11T16:22:19.895+01:00  INFO 30464 --- [product-service] [           main] o.s.c.c.c.ConfigServerConfigDataLoader   : Exception on Url - http://localhost:9999:org.springframework.web.client.ResourceAccessException: I/O error on GET request for "http://localhost:9999/product-service/default": Connection refused: getsockopt. Will be trying the next url if available
2026-01-11T16:22:19.895+01:00  WARN 30464 --- [product-service] [           main] o.s.c.c.c.ConfigServerConfigDataLoader   : Could not locate PropertySource ([ConfigServerConfigDataResource@5707c1cb uris = array<String>['http://localhost:9999'], optional = true, profiles = 'default']): I/O error on GET request for "http://localhost:9999/product-service/default": Connection refused: getsockopt
2026-01-11T16:22:21.488+01:00  WARN 30464 --- [product-service] [           main] ConfigServletWebServerApplicationContext : Exception encountered during context initialization - cancelling refresh attempt: java.lang.NoClassDefFoundError: org/springframework/security/access/intercept/aopalliance/MethodSecurityMetadataSourceAdvisor
2026-01-11T16:22:21.501+01:00  INFO 30464 --- [product-service] [           main] .s.b.a.l.ConditionEvaluationReportLogger : 

Error starting ApplicationContext. To display the condition evaluation report re-run your application with 'debug' enabled.
2026-01-11T16:22:21.546+01:00 ERROR 30464 --- [product-service] [           main] o.s.boot.SpringApplication               : Application run failed

java.lang.NoClassDefFoundError: org/springframework/security/access/intercept/aopalliance/MethodSecurityMetadataSourceAdvisor
	at org.springframework.security.config.annotation.method.configuration.MethodSecurityMetadataSourceAdvisorRegistrar.registerBeanDefinitions(MethodSecurityMetadataSourceAdvisorRegistrar.java:47) ~[spring-security-config-7.0.2.jar:7.0.2]
	at org.springframework.context.annotation.ImportBeanDefinitionRegistrar.registerBeanDefinitions(ImportBeanDefinitionRegistrar.java:86) ~[spring-context-7.0.2.jar:7.0.2]
	at org.springframework.context.annotation.ConfigurationClassBeanDefinitionReader.lambda$loadBeanDefinitionsFromImportBeanDefinitionRegistrars$0(ConfigurationClassBeanDefinitionReader.java:422) ~[spring-context-7.0.2.jar:7.0.2]
	at java.base/java.util.LinkedHashMap.forEach(LinkedHashMap.java:986) ~[na:na]
	at org.springframework.context.annotation.ConfigurationClassBeanDefinitionReader.loadBeanDefinitionsFromImportBeanDefinitionRegistrars(ConfigurationClassBeanDefinitionReader.java:421) ~[spring-context-7.0.2.jar:7.0.2]
	at org.springframework.context.annotation.ConfigurationClassBeanDefinitionReader.loadBeanDefinitionsForConfigurationClass(ConfigurationClassBeanDefinitionReader.java:152) ~[spring-context-7.0.2.jar:7.0.2]
	at org.springframework.context.annotation.ConfigurationClassBeanDefinitionReader.loadBeanDefinitions(ConfigurationClassBeanDefinitionReader.java:124) ~[spring-context-7.0.2.jar:7.0.2]
	at org.springframework.context.annotation.ConfigurationClassPostProcessor.processConfigBeanDefinitions(ConfigurationClassPostProcessor.java:458) ~[spring-context-7.0.2.jar:7.0.2]
	at org.springframework.context.annotation.ConfigurationClassPostProcessor.postProcessBeanDefinitionRegistry(ConfigurationClassPostProcessor.java:310) ~[spring-context-7.0.2.jar:7.0.2]
	at org.springframework.context.support.PostProcessorRegistrationDelegate.invokeBeanDefinitionRegistryPostProcessors(PostProcessorRegistrationDelegate.java:349) ~[spring-context-7.0.2.jar:7.0.2]
	at org.springframework.context.support.PostProcessorRegistrationDelegate.invokeBeanFactoryPostProcessors(PostProcessorRegistrationDelegate.java:118) ~[spring-context-7.0.2.jar:7.0.2]
	at org.springframework.context.support.AbstractApplicationContext.invokeBeanFactoryPostProcessors(AbstractApplicationContext.java:794) ~[spring-context-7.0.2.jar:7.0.2]
	at org.springframework.context.support.AbstractApplicationContext.refresh(AbstractApplicationContext.java:602) ~[spring-context-7.0.2.jar:7.0.2]
	at org.springframework.boot.web.server.servlet.context.ServletWebServerApplicationContext.refresh(ServletWebServerApplicationContext.java:143) ~[spring-boot-web-server-4.0.1.jar:4.0.1]
	at org.springframework.boot.SpringApplication.refresh(SpringApplication.java:756) ~[spring-boot-4.0.1.jar:4.0.1]
	at org.springframework.boot.SpringApplication.refreshContext(SpringApplication.java:445) ~[spring-boot-4.0.1.jar:4.0.1]
	at org.springframework.boot.SpringApplication.run(SpringApplication.java:321) ~[spring-boot-4.0.1.jar:4.0.1]
	at org.springframework.boot.SpringApplication.run(SpringApplication.java:1365) ~[spring-boot-4.0.1.jar:4.0.1]
	at org.springframework.boot.SpringApplication.run(SpringApplication.java:1354) ~[spring-boot-4.0.1.jar:4.0.1]
	at org.marzouki.productservice.ProductServiceApplication.main(ProductServiceApplication.java:16) ~[classes/:na]
Caused by: java.lang.ClassNotFoundException: org.springframework.security.access.intercept.aopalliance.MethodSecurityMetadataSourceAdvisor
	at java.base/jdk.internal.loader.BuiltinClassLoader.loadClass(BuiltinClassLoader.java:641) ~[na:na]
	at java.base/jdk.internal.loader.ClassLoaders$AppClassLoader.loadClass(ClassLoaders.java:188) ~[na:na]
	at java.base/java.lang.ClassLoader.loadClass(ClassLoader.java:526) ~[na:na]
	... 20 common frames omitted

Exception in thread "main" java.lang.IllegalStateException: java.lang.NoClassDefFoundError: org/springframework/security/access/intercept/aopalliance/MethodSecurityMetadataSourceAdvisor
	at org.springframework.boot.SpringApplication.handleRunFailure(SpringApplication.java:827)
	at org.springframework.boot.SpringApplication.run(SpringApplication.java:331)
	at org.springframework.boot.SpringApplication.run(SpringApplication.java:1365)
	at org.springframework.boot.SpringApplication.run(SpringApplication.java:1354)
	at org.marzouki.productservice.ProductServiceApplication.main(ProductServiceApplication.java:16)
Caused by: java.lang.NoClassDefFoundError: org/springframework/security/access/intercept/aopalliance/MethodSecurityMetadataSourceAdvisor
	at org.springframework.security.config.annotation.method.configuration.MethodSecurityMetadataSourceAdvisorRegistrar.registerBeanDefinitions(MethodSecurityMetadataSourceAdvisorRegistrar.java:47)
	at org.springframework.context.annotation.ImportBeanDefinitionRegistrar.registerBeanDefinitions(ImportBeanDefinitionRegistrar.java:86)
	at org.springframework.context.annotation.ConfigurationClassBeanDefinitionReader.lambda$loadBeanDefinitionsFromImportBeanDefinitionRegistrars$0(ConfigurationClassBeanDefinitionReader.java:422)
	at java.base/java.util.LinkedHashMap.forEach(LinkedHashMap.java:986)
	at org.springframework.context.annotation.ConfigurationClassBeanDefinitionReader.loadBeanDefinitionsFromImportBeanDefinitionRegistrars(ConfigurationClassBeanDefinitionReader.java:421)
	at org.springframework.context.annotation.ConfigurationClassBeanDefinitionReader.loadBeanDefinitionsForConfigurationClass(ConfigurationClassBeanDefinitionReader.java:152)
	at org.springframework.context.annotation.ConfigurationClassBeanDefinitionReader.loadBeanDefinitions(ConfigurationClassBeanDefinitionReader.java:124)
	at org.springframework.context.annotation.ConfigurationClassPostProcessor.processConfigBeanDefinitions(ConfigurationClassPostProcessor.java:458)
	at org.springframework.context.annotation.ConfigurationClassPostProcessor.postProcessBeanDefinitionRegistry(ConfigurationClassPostProcessor.java:310)
	at org.springframework.context.support.PostProcessorRegistrationDelegate.invokeBeanDefinitionRegistryPostProcessors(PostProcessorRegistrationDelegate.java:349)
	at org.springframework.context.support.PostProcessorRegistrationDelegate.invokeBeanFactoryPostProcessors(PostProcessorRegistrationDelegate.java:118)
	at org.springframework.context.support.AbstractApplicationContext.invokeBeanFactoryPostProcessors(AbstractApplicationContext.java:794)
	at org.springframework.context.support.AbstractApplicationContext.refresh(AbstractApplicationContext.java:602)
	at org.springframework.boot.web.server.servlet.context.ServletWebServerApplicationContext.refresh(ServletWebServerApplicationContext.java:143)
	at org.springframework.boot.SpringApplication.refresh(SpringApplication.java:756)
	at org.springframework.boot.SpringApplication.refreshContext(SpringApplication.java:445)
	at org.springframework.boot.SpringApplication.run(SpringApplication.java:321)
	... 3 more
Caused by: java.lang.ClassNotFoundException: org.springframework.security.access.intercept.aopalliance.MethodSecurityMetadataSourceAdvisor
	at java.base/jdk.internal.loader.BuiltinClassLoader.loadClass(BuiltinClassLoader.java:641)
	at java.base/jdk.internal.loader.ClassLoaders$AppClassLoader.loadClass(ClassLoaders.java:188)
	at java.base/java.lang.ClassLoader.loadClass(ClassLoader.java:526)
	... 20 more
[INFO] ------------------------------------------------------------------------
[INFO] BUILD FAILURE
[INFO] ------------------------------------------------------------------------
[INFO] Total time:  9.641 s
[INFO] Finished at: 2026-01-11T16:22:21+01:00
[INFO] ------------------------------------------------------------------------
[ERROR] Failed to execute goal org.springframework.boot:spring-boot-maven-plugin:4.0.1:run (default-cli) on project product-service: Process terminated with exit code: 1 -> [Help 1]
[ERROR] 
[ERROR] To see the full stack trace of the errors, re-run Maven with the -e switch.
[ERROR] Re-run Maven using the -X switch to enable full debug logging.
[ERROR] 
[ERROR] For more information about the errors and possible solutions, please read the following articles:
[ERROR] [Help 1] http://cwiki.apache.org/confluence/display/MAVEN/MojoExecutionException
